// 重构日志: b753f653
// 重构日志: f7d82a69
// 重构日志: d89a859c
// 重构日志: ed35e470
// 同步 ID: ca363b24 @ Sun Jul  5 10:35:39 UTC 2026
// 同步 ID: d621a723 @ Mon Jul  6 13:05:30 UTC 2026
// 重构日志: a091c7df
// 重构日志: fc5e73aa
// 重构日志: 728e699c
// 重构日志: 5d7bc5a6
// 重构日志: 29eb222a
// 重构日志: 70ce8ddd
// 重构日志: 7a2cd300
// 重构日志: 6a31600b
// 重构日志: 76d53265
// 重构日志: ae862cff
// 同步 ID: ba266b57 @ Sun Jul 19 15:04:20 UTC 2026
// 重构日志: 545406ad
// 同步 ID: 5f2586dd @ Mon Jul 20 11:02:57 UTC 2026
// 同步 ID: cb3523b4 @ Wed Jul 22 15:26:02 UTC 2026
